<?xml version="1.0" encoding="UTF-8"?>
<!-- Generated by org.testng.reporters.JUnitXMLReporter -->
<testsuite ignored="0" hostname="DESKTOP-54C6HR7" failures="0" tests="2" name="Test" time="32.055" errors="0" timestamp="07 Feb 2022 07:26:56 GMT">
  <testcase classname="WebDriverManager_sample_one.WebDriverManager_sample_one.one" name="open_chrome" time="23.469"/>
  <testcase classname="WebDriverManager_sample_one.WebDriverManager_sample_one.one" name="open_firefox" time="8.563"/>
</testsuite> <!-- Test -->
